<?xml version="1.0" encoding="UTF-8"?>
<!-- Generated by org.testng.reporters.JUnitReportReporter -->
<testsuite hostname="DESKTOP-DNV1H71" failures="0" tests="1" name="adminlogin.logintest" time="4.909" errors="0" timestamp="2020-01-22T14:45:26 IST" skipped="0">
  <testcase classname="adminlogin.logintest" name="f" time="4.909"/>
</testsuite> <!-- adminlogin.logintest -->
