<?xml version="1.0" encoding="UTF-8"?>
<!-- Generated by org.testng.reporters.JUnitReportReporter -->
<testsuite skipped="0" hostname="DESKTOP-DNV1H71" name="tetng.first.com.class1" tests="1" failures="0" timestamp="2019-11-02T11:04:50 IST" time="9.586" errors="0">
  <testcase name="cp" time="9.586" classname="tetng.first.com.class1"/>
</testsuite> <!-- tetng.first.com.class1 -->
