<?xml version="1.0" encoding="UTF-8"?>
<!-- Generated by org.testng.reporters.JUnitReportReporter -->
<testsuite skipped="0" hostname="DESKTOP-DNV1H71" name="com.second.testng.testing2" tests="2" failures="0" timestamp="2019-11-03T12:50:59 IST" time="127.434" errors="0">
  <testcase name="positivelogin" time="105.429" classname="com.second.testng.testing2"/>
  <testcase name="thirdtest" time="22.005" classname="com.second.testng.testing2"/>
</testsuite> <!-- com.second.testng.testing2 -->
